Mon Dec 10 01:05:08 2012
/media/pi_server
5ac55cf1b935291f6fc92ad7afd34597498ff2f7
16
Pioneer.One.S01E01.REDUX.Xvid-VODO

Mon Dec 10 01:19:39 2012
/media/pi_server
c50b28cb478dd4b79cd4fd41cdce2fdeeb998341
17
Pioneer.One.S01E02.Xvid-VODO

Mon Dec 10 02:01:59 2012
/media/pi_server
ddceab34ac388ca56b0cdbc6eb726ca1844233c5
18
Pioneer.One.S01E03.Xvid-VODO

Wed Dec 12 09:52:28 2012
/media/pi_server
6395e88435a73a0b5f29a09dba40c609fe8a39b8
19
Pioneer.One.S01E04.Xvid-VODO

Wed Dec 12 10:01:01 2012
/media/pi_server
4b0069d8ae8fbbdc7c1a16d5a63299ef77fe36f6
20
Pioneer.One.S01E05.Xvid-VODO

Wed Dec 12 10:01:47 2012
/media/pi_server
265d7392452a3e81937280c90b555323e9dc81a9
21
Pioneer.One.S01E06.Xvid-VODO

